
GAS LISTING adc.s 			page 1


   1              		.global	_start
   2              		.text
   3              	_start:	
   4              		## 8 バイトの ADC 命令による 16 バイトの加算
   5 0000 66B88967 		movw	$0x6789, %ax		#                ax:0x6789
   6 0004 66B9AB09 		movw	$0x09ab, %cx		#                cx:0x09ab
   7 0008 00C8     		addb	%cl, %al		# sf:0 zf:0 cf:1 ax:0x6734
   8 000a 10EC     		adcb	%ch, %ah		# sf:0 zf:0 cf:0 ax:0x7134
   9              	
  10              		## 64 ビット + 64 ビットの加算
  11 000c A1000000 		movl	xl_l, %eax		#                eax:0x88888888
  11      00
  12 0011 03050800 		addl	yl_l, %eax		# sf:0 zf:0 cf:1 eax:0x08888888
  12      0000
  13 0017 A3100000 		movl	%eax, zl_l		#                zl_l:0x08888888
  13      00
  14 001c A1040000 		movl	xh_l, %eax		#                eax:0x11111111
  14      00
  15 0021 13050C00 		adcl	yh_l, %eax		# sf:0 zf:0 cf:0 eax:0x11112223
  15      0000
  16 0027 A3140000 		movl	%eax, zh_l		#                zh_l:0x11112223, zl_l:0x08888888
  16      00
  17              	
  18 002c B8010000 		movl	$1, %eax
  18      00
  19 0031 CD80     		int	$0x80
  20              		.data
  21 0000 88888888 	xl_l:	.long	0x88888888
  22 0004 11111111 	xh_l:	.long	0x11111111
  23 0008 00000080 	yl_l:	.long	0x80000000
  24 000c 11110000 	yh_l:	.long	0x00001111
  25 0010 00000000 	zl_l:	.long	0
  26 0014 00000000 	zh_l:	.long	0
