
GAS LISTING and.s 			page 1


   1              		.global	_start
   2              		.text
   3              	_start:	
   4              		## レジスタと即値の論理積
   5 0000 B055     		movb	$0b01010101, %al	#                al:0b01010101
   6 0002 24F0     		andb	$0b11110000, %al	# sf:0 zf:0 cf:0 al:0b01010000
   7 0004 66B85555 		movw	$0x5555, %ax		#                ax:0x5555
   8 0008 6625AAAA 		andw	$0xaaaa, %ax		# sf:0 zf:1 cf:0 ax:0x0000
   9 000c B8785634 		movl	$0x12345678, %eax	#                eax:0x12345678
   9      12
  10 0011 25555555 		andl	$0x55555555, %eax	# sf:0 zf:0 cf:0 eax:0x10145450
  10      55
  11              	
  12              		## レジスタとレジスタの論理積
  13 0016 B1F0     		movb	$0b11110000, %cl	#                cl:0b11110000
  14 0018 20C8     		andb	%cl, %al		# sf:0 zf:0 cf:0 al:0b01010000
  15 001a BA00FF00 		movl	$0xff00ff00, %edx	#                edx:0xff00ff00
  15      FF
  16 001f 21C2     		andl	%eax, %edx		# sf:0 zf:0 cf:0 edx:0x10005400
  17              	
  18              		## メモリ上の値と即値の論理積
  19 0021 C6050000 		movb	$0xf0, val_b		# sf:0 zf:0 cf:0 val_b:0xf0
  19      0000F0
  20 0028 66C70501 		movw	$0x0f0f, val_w		# sf:0 zf:0 cf:0 val_w:0x0f0f
  20      0000000F 
  20      0F
  21 0031 66C70503 		movw	$0x5555, val_l		# sf:0 zf:0 cf:0 val_l:0x89ab5555
  21      00000055 
  21      55
  22              	
  23              		## レジスタとメモリ上の値の論理積
  24 003a B8FFFFFF 		movl	$0xffffffff, %eax	#                eax:0xffffffff
  24      FF
  25 003f A0000000 		movb	val_b, %al		# sf:0 zf:0 cf:0 al:0xf0
  25      00
  26 0044 66A10100 		movw	val_w, %ax		# sf:0 zf:0 cf:0 ax:0x0f0f
  26      0000
  27 004a A1030000 		movl	val_l, %eax		# sf:0 zf:0 cf:0 eax:0x89ab5555
  27      00
  28              		
  29 004f B8010000 		movl	$1, %eax
  29      00
  30 0054 CD80     		int	$0x80
  31              		.data
  32 0000 89       	val_b:	.byte	0x89
  33 0001 AB89     	val_w:	.word	0x89ab
  34 0003 EFCDAB89 	val_l:	.long	0x89abcdef
