   1              		.global	_start
   2              		.text
   3              	_start:
   4              		## EBX ← EAX >= 123 なら 1、そうでなければ 0
   5 0000 B8640000 		mov	$100, %eax		# eax:0x00000064
   5      00
   6 0005 BB000000 		mov	$0, %ebx		# ebx:0x00000000
   6      00
   7 000a 83F87B   		cmp	$123, %eax		# sf:1 zf:0 cf:1
   8 000d 7205     		jb	1f
   9 000f BB010000 		mov	$1, %ebx
   9      00
  10              	1:					# ebx:0x00000000
  11              		
  12              		## EBX ← 7 <= EAX <= 77 なら 1、そうでなければ 0
  13 0014 B8320000 		mov	$50, %eax		# eax:0x00000032
  13      00
  14 0019 BB000000 		mov	$0, %ebx		# ebx:0x00000000
  14      00
  15 001e 83F807   		cmp	$7, %eax		# sf:1 zf:0 cf:1
  16 0021 720A     		jb	1f
  17 0023 83F84D   		cmp 	$77, %eax		# sf:1 zf:0 cf:1
  18 0026 7705     		ja	1f
  19 0028 BB010000 		mov	$1, %ebx
  19      00
  20              	1:					# ebx:0x00000001
  21              		
  22              		## EBX ← -100 <= EAX <= 100 なら 1、そうでなければ 0
  23 002d B8640000 		mov	$100, %eax		# eax:0x00000064
  23      00
  24 0032 BB000000 		mov	$0, %ebx		# ebx:0x00000000
  24      00
  25 0037 83F89C   		cmp	$-100, %eax		# sf:0 zf:1 cf:0
  26 003a 7C0A     		jl	1f
  27 003c 83F864   		cmp 	$100, %eax		# sf:0 zf:1 cf:0
  28 003f 7F05     		jg	1f
  29 0041 BB010000 		mov	$1, %ebx
  29      00
  30              	1:					# ebx:0x00000001
  31              		
  32              		## EBX ← 0 <= EAX <= 255 なら 1、そうでなければ 0
  33 0046 B8E80300 		mov	$1000, %eax		# eax:0x000003e8
  33      00
  34 004b BB000000 		mov	$0, %ebx		# ebx:0x00000000
  34      00
  35 0050 2500FFFF 		and	$0xffffff00, %eax	# eax:0x00000300 sf:0 zf:0 cf:0
  35      FF
  36 0055 7505     		jnz	1f
  37 0057 BB010000 		mov	$1, %ebx
  37      00
  38              	1:					# ebx:0x00000000
  39              		## EBX ← EAX が奇数なら 1、偶数なら 0
  40 005c B87B0000 		mov	$123, %eax		# eax:0x0000007b
  40      00
  41 0061 89C3     		mov	%eax, %ebx		# ebx:0x0000007b
  42 0063 83E301   		and	$1, %ebx		# ebx:0x00000001
  43              		
  44 0066 B8010000 	        movl    $1, %eax
  44      00
  45 006b CD80     	        int     $0x80
  46              	        .data
  47 0000 00000000 	v:	.long   0
